This file contains any messages produced by compilers while
running configure, to aid debugging if configure makes a mistake.

It was created by plank configure 0.11.4, which was
generated by GNU Autoconf 2.69.  Invocation command line was

  $ ./configure 

## --------- ##
## Platform. ##
## --------- ##

hostname = simon-T440p
uname -m = x86_64
uname -r = 4.14.24-1-MANJARO
uname -s = Linux
uname -v = #1 SMP PREEMPT Sun Mar 4 21:28:02 UTC 2018

/usr/bin/uname -p = unknown
/bin/uname -X     = unknown

/bin/arch              = unknown
/usr/bin/arch -k       = unknown
/usr/convex/getsysinfo = unknown
/usr/bin/hostinfo      = unknown
/bin/machine           = unknown
/usr/bin/oslevel       = unknown
/bin/universe          = unknown

PATH: /usr/local/sbin
PATH: /usr/local/bin
PATH: /usr/bin
PATH: /usr/lib/jvm/default/bin
PATH: /usr/bin/site_perl
PATH: /usr/bin/vendor_perl
PATH: /usr/bin/core_perl


## ----------- ##
## Core tests. ##
## ----------- ##

configure:2639: checking whether make supports nested variables
configure:2656: result: yes
configure:2720: checking for a BSD-compatible install
configure:2788: result: /usr/bin/install -c
configure:2799: checking whether build environment is sane
configure:2854: result: yes
configure:3005: checking for a thread-safe mkdir -p
configure:3044: result: /usr/bin/mkdir -p
configure:3051: checking for gawk
configure:3067: found /usr/bin/gawk
configure:3078: result: gawk
configure:3089: checking whether make sets $(MAKE)
configure:3111: result: yes
configure:3207: checking whether UID '0' is supported by ustar format
configure:3210: result: yes
configure:3217: checking whether GID '0' is supported by ustar format
configure:3220: result: yes
configure:3228: checking how to create a ustar tar archive
configure:3239: tar --version
tar (GNU tar) 1.30
Copyright (C) 2017 Free Software Foundation, Inc.
License GPLv3+: GNU GPL version 3 or later <https://gnu.org/licenses/gpl.html>.
This is free software: you are free to change and redistribute it.
There is NO WARRANTY, to the extent permitted by law.

Written by John Gilmore and Jay Fenlason.
configure:3242: $? = 0
configure:3282: tardir=conftest.dir && eval tar --format=ustar -chf - "$tardir" >conftest.tar
configure:3285: $? = 0
configure:3289: tar -xf - <conftest.tar
configure:3292: $? = 0
configure:3294: cat conftest.dir/file
GrepMe
configure:3297: $? = 0
configure:3310: result: gnutar
configure:3362: checking whether to enable maintainer-specific portions of Makefiles
configure:3371: result: yes
configure:3433: checking for gcc
configure:3449: found /usr/bin/gcc
configure:3460: result: gcc
configure:3689: checking for C compiler version
configure:3698: gcc --version >&5
gcc (GCC) 7.3.0
Copyright (C) 2017 Free Software Foundation, Inc.
This is free software; see the source for copying conditions.  There is NO
warranty; not even for MERCHANTABILITY or FITNESS FOR A PARTICULAR PURPOSE.

configure:3709: $? = 0
configure:3698: gcc -v >&5
Using built-in specs.
COLLECT_GCC=gcc
COLLECT_LTO_WRAPPER=/usr/lib/gcc/x86_64-pc-linux-gnu/7.3.0/lto-wrapper
Target: x86_64-pc-linux-gnu
Configured with: /build/gcc/src/gcc/configure --prefix=/usr --libdir=/usr/lib --libexecdir=/usr/lib --mandir=/usr/share/man --infodir=/usr/share/info --with-bugurl=https://bugs.archlinux.org/ --enable-languages=c,c++,ada,fortran,go,lto,objc,obj-c++ --enable-shared --enable-threads=posix --enable-libmpx --with-system-zlib --with-isl --enable-__cxa_atexit --disable-libunwind-exceptions --enable-clocale=gnu --disable-libstdcxx-pch --disable-libssp --enable-gnu-unique-object --enable-linker-build-id --enable-lto --enable-plugin --enable-install-libiberty --with-linker-hash-style=gnu --enable-gnu-indirect-function --enable-multilib --disable-werror --enable-checking=release --enable-default-pie --enable-default-ssp
Thread model: posix
gcc version 7.3.0 (GCC) 
configure:3709: $? = 0
configure:3698: gcc -V >&5
gcc: error: unrecognized command line option '-V'
gcc: fatal error: no input files
compilation terminated.
configure:3709: $? = 1
configure:3698: gcc -qversion >&5
gcc: error: unrecognized command line option '-qversion'; did you mean '--version'?
gcc: fatal error: no input files
compilation terminated.
configure:3709: $? = 1
configure:3729: checking whether the C compiler works
configure:3751: gcc    conftest.c  >&5
configure:3755: $? = 0
configure:3803: result: yes
configure:3806: checking for C compiler default output file name
configure:3808: result: a.out
configure:3814: checking for suffix of executables
configure:3821: gcc -o conftest    conftest.c  >&5
configure:3825: $? = 0
configure:3847: result: 
configure:3869: checking whether we are cross compiling
configure:3877: gcc -o conftest    conftest.c  >&5
configure:3881: $? = 0
configure:3888: ./conftest
configure:3892: $? = 0
configure:3907: result: no
configure:3912: checking for suffix of object files
configure:3934: gcc -c   conftest.c >&5
configure:3938: $? = 0
configure:3959: result: o
configure:3963: checking whether we are using the GNU C compiler
configure:3982: gcc -c   conftest.c >&5
configure:3982: $? = 0
configure:3991: result: yes
configure:4000: checking whether gcc accepts -g
configure:4020: gcc -c -g  conftest.c >&5
configure:4020: $? = 0
configure:4061: result: yes
configure:4078: checking for gcc option to accept ISO C89
configure:4141: gcc  -c -g -O2  conftest.c >&5
configure:4141: $? = 0
configure:4154: result: none needed
configure:4179: checking whether gcc understands -c and -o together
configure:4201: gcc -c conftest.c -o conftest2.o
configure:4204: $? = 0
configure:4201: gcc -c conftest.c -o conftest2.o
configure:4204: $? = 0
configure:4216: result: yes
configure:4244: checking for style of include used by make
configure:4272: result: GNU
configure:4298: checking dependency style of gcc
configure:4409: result: gcc3
configure:4483: checking for g++
configure:4499: found /usr/bin/g++
configure:4510: result: g++
configure:4537: checking for C++ compiler version
configure:4546: g++ --version >&5
g++ (GCC) 7.3.0
Copyright (C) 2017 Free Software Foundation, Inc.
This is free software; see the source for copying conditions.  There is NO
warranty; not even for MERCHANTABILITY or FITNESS FOR A PARTICULAR PURPOSE.

configure:4557: $? = 0
configure:4546: g++ -v >&5
Using built-in specs.
COLLECT_GCC=g++
COLLECT_LTO_WRAPPER=/usr/lib/gcc/x86_64-pc-linux-gnu/7.3.0/lto-wrapper
Target: x86_64-pc-linux-gnu
Configured with: /build/gcc/src/gcc/configure --prefix=/usr --libdir=/usr/lib --libexecdir=/usr/lib --mandir=/usr/share/man --infodir=/usr/share/info --with-bugurl=https://bugs.archlinux.org/ --enable-languages=c,c++,ada,fortran,go,lto,objc,obj-c++ --enable-shared --enable-threads=posix --enable-libmpx --with-system-zlib --with-isl --enable-__cxa_atexit --disable-libunwind-exceptions --enable-clocale=gnu --disable-libstdcxx-pch --disable-libssp --enable-gnu-unique-object --enable-linker-build-id --enable-lto --enable-plugin --enable-install-libiberty --with-linker-hash-style=gnu --enable-gnu-indirect-function --enable-multilib --disable-werror --enable-checking=release --enable-default-pie --enable-default-ssp
Thread model: posix
gcc version 7.3.0 (GCC) 
configure:4557: $? = 0
configure:4546: g++ -V >&5
g++: error: unrecognized command line option '-V'
g++: fatal error: no input files
compilation terminated.
configure:4557: $? = 1
configure:4546: g++ -qversion >&5
g++: error: unrecognized command line option '-qversion'; did you mean '--version'?
g++: fatal error: no input files
compilation terminated.
configure:4557: $? = 1
configure:4561: checking whether we are using the GNU C++ compiler
configure:4580: g++ -c   conftest.cpp >&5
configure:4580: $? = 0
configure:4589: result: yes
configure:4598: checking whether g++ accepts -g
configure:4618: g++ -c -g  conftest.cpp >&5
configure:4618: $? = 0
configure:4659: result: yes
configure:4684: checking dependency style of g++
configure:4795: result: gcc3
configure:4815: checking whether g++ understands -c and -o together
configure:4839: g++ -g -O2 -c conftest.cpp -o conftest2.o >&5
configure:4843: $? = 0
configure:4850: g++ -g -O2 -c conftest.cpp -o conftest2.o >&5
configure:4854: $? = 0
configure:4862: result: yes
configure:4907: checking build system type
configure:4921: result: x86_64-pc-linux-gnu
configure:4941: checking host system type
configure:4954: result: x86_64-pc-linux-gnu
configure:4995: checking how to print strings
configure:5022: result: printf
configure:5043: checking for a sed that does not truncate output
configure:5107: result: /usr/bin/sed
configure:5125: checking for grep that handles long lines and -e
configure:5183: result: /usr/bin/grep
configure:5188: checking for egrep
configure:5250: result: /usr/bin/grep -E
configure:5255: checking for fgrep
configure:5317: result: /usr/bin/grep -F
configure:5352: checking for ld used by gcc
configure:5419: result: /usr/bin/ld
configure:5426: checking if the linker (/usr/bin/ld) is GNU ld
configure:5441: result: yes
configure:5453: checking for BSD- or MS-compatible name lister (nm)
configure:5507: result: /usr/bin/nm -B
configure:5637: checking the name lister (/usr/bin/nm -B) interface
configure:5644: gcc -c -g -O2  conftest.c >&5
configure:5647: /usr/bin/nm -B "conftest.o"
configure:5650: output
0000000000000000 B some_variable
configure:5657: result: BSD nm
configure:5660: checking whether ln -s works
configure:5664: result: yes
configure:5672: checking the maximum length of command line arguments
configure:5803: result: 1572864
configure:5851: checking how to convert x86_64-pc-linux-gnu file names to x86_64-pc-linux-gnu format
configure:5891: result: func_convert_file_noop
configure:5898: checking how to convert x86_64-pc-linux-gnu file names to toolchain format
configure:5918: result: func_convert_file_noop
configure:5925: checking for /usr/bin/ld option to reload object files
configure:5932: result: -r
configure:6006: checking for objdump
configure:6022: found /usr/bin/objdump
configure:6033: result: objdump
configure:6065: checking how to recognize dependent libraries
configure:6265: result: pass_all
configure:6350: checking for dlltool
configure:6380: result: no
configure:6410: checking how to associate runtime and link libraries
configure:6437: result: printf %s\n
configure:6498: checking for ar
configure:6514: found /usr/bin/ar
configure:6525: result: ar
configure:6562: checking for archiver @FILE support
configure:6579: gcc -c -g -O2  conftest.c >&5
configure:6579: $? = 0
configure:6582: ar cru libconftest.a @conftest.lst >&5
ar: `u' modifier ignored since `D' is the default (see `U')
configure:6585: $? = 0
configure:6590: ar cru libconftest.a @conftest.lst >&5
ar: `u' modifier ignored since `D' is the default (see `U')
ar: conftest.o: No such file or directory
configure:6593: $? = 1
configure:6605: result: @
configure:6663: checking for strip
configure:6679: found /usr/bin/strip
configure:6690: result: strip
configure:6762: checking for ranlib
configure:6778: found /usr/bin/ranlib
configure:6789: result: ranlib
configure:6891: checking command to parse /usr/bin/nm -B output from gcc object
configure:7044: gcc -c -g -O2  conftest.c >&5
configure:7047: $? = 0
configure:7051: /usr/bin/nm -B conftest.o \| sed -n -e 's/^.*[ ]\([ABCDGIRSTW][ABCDGIRSTW]*\)[ ][ ]*\([_A-Za-z][_A-Za-z0-9]*\)$/\1 \2 \2/p' | sed '/ __gnu_lto/d' \> conftest.nm
configure:7054: $? = 0
configure:7120: gcc -o conftest -g -O2   conftest.c conftstm.o >&5
configure:7123: $? = 0
configure:7161: result: ok
configure:7208: checking for sysroot
configure:7238: result: no
configure:7245: checking for a working dd
configure:7283: result: /usr/bin/dd
configure:7287: checking how to truncate binary pipes
configure:7302: result: /usr/bin/dd bs=4096 count=1
configure:7438: gcc -c -g -O2  conftest.c >&5
configure:7441: $? = 0
configure:7631: checking for mt
configure:7661: result: no
configure:7681: checking if : is a manifest tool
configure:7687: : '-?'
configure:7695: result: no
configure:8372: checking how to run the C preprocessor
configure:8403: gcc -E  conftest.c
configure:8403: $? = 0
configure:8417: gcc -E  conftest.c
conftest.c:17:10: fatal error: ac_nonexistent.h: No such file or directory
 #include <ac_nonexistent.h>
          ^~~~~~~~~~~~~~~~~~
compilation terminated.
configure:8417: $? = 1
configure: failed program was:
| /* confdefs.h */
| #define PACKAGE_NAME "plank"
| #define PACKAGE_TARNAME "plank"
| #define PACKAGE_VERSION "0.11.4"
| #define PACKAGE_STRING "plank 0.11.4"
| #define PACKAGE_BUGREPORT "https://bugs.launchpad.net/plank"
| #define PACKAGE_URL "https://launchpad.net/plank"
| #define RELEASE_NAME "Stupidly simple."
| #define VERSION_INFO "Release"
| #define VERSION_MAJOR 0
| #define VERSION_MINOR 11
| #define VERSION_MICRO 4
| #define VERSION_NANO 0
| #define PACKAGE "plank"
| #define VERSION "0.11.4"
| /* end confdefs.h.  */
| #include <ac_nonexistent.h>
configure:8442: result: gcc -E
configure:8462: gcc -E  conftest.c
configure:8462: $? = 0
configure:8476: gcc -E  conftest.c
conftest.c:17:10: fatal error: ac_nonexistent.h: No such file or directory
 #include <ac_nonexistent.h>
          ^~~~~~~~~~~~~~~~~~
compilation terminated.
configure:8476: $? = 1
configure: failed program was:
| /* confdefs.h */
| #define PACKAGE_NAME "plank"
| #define PACKAGE_TARNAME "plank"
| #define PACKAGE_VERSION "0.11.4"
| #define PACKAGE_STRING "plank 0.11.4"
| #define PACKAGE_BUGREPORT "https://bugs.launchpad.net/plank"
| #define PACKAGE_URL "https://launchpad.net/plank"
| #define RELEASE_NAME "Stupidly simple."
| #define VERSION_INFO "Release"
| #define VERSION_MAJOR 0
| #define VERSION_MINOR 11
| #define VERSION_MICRO 4
| #define VERSION_NANO 0
| #define PACKAGE "plank"
| #define VERSION "0.11.4"
| /* end confdefs.h.  */
| #include <ac_nonexistent.h>
configure:8505: checking for ANSI C header files
configure:8525: gcc -c -g -O2  conftest.c >&5
configure:8525: $? = 0
configure:8598: gcc -o conftest -g -O2   conftest.c  >&5
configure:8598: $? = 0
configure:8598: ./conftest
configure:8598: $? = 0
configure:8609: result: yes
configure:8622: checking for sys/types.h
configure:8622: gcc -c -g -O2  conftest.c >&5
configure:8622: $? = 0
configure:8622: result: yes
configure:8622: checking for sys/stat.h
configure:8622: gcc -c -g -O2  conftest.c >&5
configure:8622: $? = 0
configure:8622: result: yes
configure:8622: checking for stdlib.h
configure:8622: gcc -c -g -O2  conftest.c >&5
configure:8622: $? = 0
configure:8622: result: yes
configure:8622: checking for string.h
configure:8622: gcc -c -g -O2  conftest.c >&5
configure:8622: $? = 0
configure:8622: result: yes
configure:8622: checking for memory.h
configure:8622: gcc -c -g -O2  conftest.c >&5
configure:8622: $? = 0
configure:8622: result: yes
configure:8622: checking for strings.h
configure:8622: gcc -c -g -O2  conftest.c >&5
configure:8622: $? = 0
configure:8622: result: yes
configure:8622: checking for inttypes.h
configure:8622: gcc -c -g -O2  conftest.c >&5
configure:8622: $? = 0
configure:8622: result: yes
configure:8622: checking for stdint.h
configure:8622: gcc -c -g -O2  conftest.c >&5
configure:8622: $? = 0
configure:8622: result: yes
configure:8622: checking for unistd.h
configure:8622: gcc -c -g -O2  conftest.c >&5
configure:8622: $? = 0
configure:8622: result: yes
configure:8636: checking for dlfcn.h
configure:8636: gcc -c -g -O2  conftest.c >&5
configure:8636: $? = 0
configure:8636: result: yes
configure:8902: checking for objdir
configure:8917: result: .libs
configure:9181: checking if gcc supports -fno-rtti -fno-exceptions
configure:9199: gcc -c -g -O2  -fno-rtti -fno-exceptions conftest.c >&5
cc1: warning: command line option '-fno-rtti' is valid for C++/ObjC++ but not for C
configure:9203: $? = 0
configure:9216: result: no
configure:9574: checking for gcc option to produce PIC
configure:9581: result: -fPIC -DPIC
configure:9589: checking if gcc PIC flag -fPIC -DPIC works
configure:9607: gcc -c -g -O2  -fPIC -DPIC -DPIC conftest.c >&5
configure:9611: $? = 0
configure:9624: result: yes
configure:9653: checking if gcc static flag -static works
configure:9681: result: yes
configure:9696: checking if gcc supports -c -o file.o
configure:9717: gcc -c -g -O2  -o out/conftest2.o conftest.c >&5
configure:9721: $? = 0
configure:9743: result: yes
configure:9751: checking if gcc supports -c -o file.o
configure:9798: result: yes
configure:9831: checking whether the gcc linker (/usr/bin/ld -m elf_x86_64) supports shared libraries
configure:11094: result: yes
configure:11131: checking whether -lc should be explicitly linked in
configure:11139: gcc -c -g -O2  conftest.c >&5
configure:11142: $? = 0
configure:11157: gcc -shared  -fPIC -DPIC conftest.o  -v -Wl,-soname -Wl,conftest -o conftest 2\>\&1 \| /usr/bin/grep  -lc  \>/dev/null 2\>\&1
configure:11160: $? = 0
configure:11174: result: no
configure:11334: checking dynamic linker characteristics
configure:11915: gcc -o conftest -g -O2   -Wl,-rpath -Wl,/foo conftest.c  >&5
configure:11915: $? = 0
configure:12164: result: GNU/Linux ld.so
configure:12286: checking how to hardcode library paths into programs
configure:12311: result: immediate
configure:12859: checking whether stripping libraries is possible
configure:12864: result: yes
configure:12899: checking if libtool supports shared libraries
configure:12901: result: yes
configure:12904: checking whether to build shared libraries
configure:12929: result: yes
configure:12932: checking whether to build static libraries
configure:12936: result: no
configure:12959: checking how to run the C++ preprocessor
configure:12986: g++ -E  conftest.cpp
configure:12986: $? = 0
configure:13000: g++ -E  conftest.cpp
conftest.cpp:29:10: fatal error: ac_nonexistent.h: No such file or directory
 #include <ac_nonexistent.h>
          ^~~~~~~~~~~~~~~~~~
compilation terminated.
configure:13000: $? = 1
configure: failed program was:
| /* confdefs.h */
| #define PACKAGE_NAME "plank"
| #define PACKAGE_TARNAME "plank"
| #define PACKAGE_VERSION "0.11.4"
| #define PACKAGE_STRING "plank 0.11.4"
| #define PACKAGE_BUGREPORT "https://bugs.launchpad.net/plank"
| #define PACKAGE_URL "https://launchpad.net/plank"
| #define RELEASE_NAME "Stupidly simple."
| #define VERSION_INFO "Release"
| #define VERSION_MAJOR 0
| #define VERSION_MINOR 11
| #define VERSION_MICRO 4
| #define VERSION_NANO 0
| #define PACKAGE "plank"
| #define VERSION "0.11.4"
| #define STDC_HEADERS 1
| #define HAVE_SYS_TYPES_H 1
| #define HAVE_SYS_STAT_H 1
| #define HAVE_STDLIB_H 1
| #define HAVE_STRING_H 1
| #define HAVE_MEMORY_H 1
| #define HAVE_STRINGS_H 1
| #define HAVE_INTTYPES_H 1
| #define HAVE_STDINT_H 1
| #define HAVE_UNISTD_H 1
| #define HAVE_DLFCN_H 1
| #define LT_OBJDIR ".libs/"
| /* end confdefs.h.  */
| #include <ac_nonexistent.h>
configure:13025: result: g++ -E
configure:13045: g++ -E  conftest.cpp
configure:13045: $? = 0
configure:13059: g++ -E  conftest.cpp
conftest.cpp:29:10: fatal error: ac_nonexistent.h: No such file or directory
 #include <ac_nonexistent.h>
          ^~~~~~~~~~~~~~~~~~
compilation terminated.
configure:13059: $? = 1
configure: failed program was:
| /* confdefs.h */
| #define PACKAGE_NAME "plank"
| #define PACKAGE_TARNAME "plank"
| #define PACKAGE_VERSION "0.11.4"
| #define PACKAGE_STRING "plank 0.11.4"
| #define PACKAGE_BUGREPORT "https://bugs.launchpad.net/plank"
| #define PACKAGE_URL "https://launchpad.net/plank"
| #define RELEASE_NAME "Stupidly simple."
| #define VERSION_INFO "Release"
| #define VERSION_MAJOR 0
| #define VERSION_MINOR 11
| #define VERSION_MICRO 4
| #define VERSION_NANO 0
| #define PACKAGE "plank"
| #define VERSION "0.11.4"
| #define STDC_HEADERS 1
| #define HAVE_SYS_TYPES_H 1
| #define HAVE_SYS_STAT_H 1
| #define HAVE_STDLIB_H 1
| #define HAVE_STRING_H 1
| #define HAVE_MEMORY_H 1
| #define HAVE_STRINGS_H 1
| #define HAVE_INTTYPES_H 1
| #define HAVE_STDINT_H 1
| #define HAVE_UNISTD_H 1
| #define HAVE_DLFCN_H 1
| #define LT_OBJDIR ".libs/"
| /* end confdefs.h.  */
| #include <ac_nonexistent.h>
configure:13221: checking for ld used by g++
configure:13288: result: /usr/bin/ld -m elf_x86_64
configure:13295: checking if the linker (/usr/bin/ld -m elf_x86_64) is GNU ld
configure:13310: result: yes
configure:13365: checking whether the g++ linker (/usr/bin/ld -m elf_x86_64) supports shared libraries
configure:14438: result: yes
configure:14474: g++ -c -g -O2  conftest.cpp >&5
configure:14477: $? = 0
configure:14958: checking for g++ option to produce PIC
configure:14965: result: -fPIC -DPIC
configure:14973: checking if g++ PIC flag -fPIC -DPIC works
configure:14991: g++ -c -g -O2  -fPIC -DPIC -DPIC conftest.cpp >&5
configure:14995: $? = 0
configure:15008: result: yes
configure:15031: checking if g++ static flag -static works
configure:15059: result: yes
configure:15071: checking if g++ supports -c -o file.o
configure:15092: g++ -c -g -O2  -o out/conftest2.o conftest.cpp >&5
configure:15096: $? = 0
configure:15118: result: yes
configure:15123: checking if g++ supports -c -o file.o
configure:15170: result: yes
configure:15200: checking whether the g++ linker (/usr/bin/ld -m elf_x86_64) supports shared libraries
configure:15243: result: yes
configure:15384: checking dynamic linker characteristics
configure:16141: result: GNU/Linux ld.so
configure:16206: checking how to hardcode library paths into programs
configure:16231: result: immediate
configure:16346: checking for pkg-config
configure:16364: found /usr/bin/pkg-config
configure:16376: result: /usr/bin/pkg-config
configure:16401: checking pkg-config is at least version 0.21
configure:16404: result: yes
configure:16501: checking for cos in -lm
configure:16526: gcc -o conftest -g -O2   conftest.c -lm   >&5
conftest.c:36:6: warning: conflicting types for built-in function 'cos' [-Wbuiltin-declaration-mismatch]
 char cos ();
      ^~~
configure:16526: $? = 0
configure:16535: result: yes
configure:16612: checking for pkg-config
configure:16642: result: /usr/bin/pkg-config
configure:16667: checking pkg-config is at least version 0.16
configure:16670: result: yes
configure:16812: checking for valac
configure:16830: found /usr/bin/valac
configure:16843: result: /usr/bin/valac
configure:16852: checking whether /usr/bin/valac is at least version 0.26.0
configure:16860: result: yes
configure:16881: checking for vapigen
configure:16899: found /usr/bin/vapigen
configure:16911: result: /usr/bin/vapigen
configure:16972: checking for glib-compile-resources
configure:16990: found /usr/bin/glib-compile-resources
configure:17002: result: /usr/bin/glib-compile-resources
configure:17017: checking for xmllint
configure:17035: found /usr/bin/xmllint
configure:17047: result: /usr/bin/xmllint
configure:17080: checking for HIDPI
configure:17087: $PKG_CONFIG --exists --print-errors "$HIDPI_PKGS"
configure:17090: $? = 0
configure:17104: $PKG_CONFIG --exists --print-errors "$HIDPI_PKGS"
configure:17107: $? = 0
configure:17145: result: yes
configure:17165: checking for BAMF
configure:17172: $PKG_CONFIG --exists --print-errors "$BAMF_PKGS"
configure:17175: $? = 0
configure:17189: $PKG_CONFIG --exists --print-errors "$BAMF_PKGS"
configure:17192: $? = 0
configure:17230: result: yes
configure:17257: checking for XIBarrierReleasePointer in -lXi
configure:17282: gcc -o conftest -g -O2  -DGLIB_VERSION_MIN_REQUIRED=GLIB_VERSION_2_40  -DGLIB_VERSION_MAX_ALLOWED=GLIB_VERSION_2_40  -DGDK_VERSION_MIN_REQUIRED=GDK_VERSION_3_10  -DGDK_VERSION_MAX_ALLOWED=GDK_VERSION_3_10   conftest.c -lXi   >&5
configure:17282: $? = 0
configure:17291: result: yes
configure:17299: checking for XFixesDestroyPointerBarrier in -lXfixes
configure:17324: gcc -o conftest -g -O2  -DGLIB_VERSION_MIN_REQUIRED=GLIB_VERSION_2_40  -DGLIB_VERSION_MAX_ALLOWED=GLIB_VERSION_2_40  -DGDK_VERSION_MIN_REQUIRED=GDK_VERSION_3_10  -DGDK_VERSION_MAX_ALLOWED=GDK_VERSION_3_10   conftest.c -lXfixes   >&5
configure:17324: $? = 0
configure:17333: result: yes
configure:17366: checking for DBUSMENU
configure:17373: $PKG_CONFIG --exists --print-errors "$DBUSMENU_PKGS"
Package dbusmenu-glib-0.4 was not found in the pkg-config search path.
Perhaps you should add the directory containing `dbusmenu-glib-0.4.pc'
to the PKG_CONFIG_PATH environment variable
No package 'dbusmenu-glib-0.4' found
Package dbusmenu-gtk3-0.4 was not found in the pkg-config search path.
Perhaps you should add the directory containing `dbusmenu-gtk3-0.4.pc'
to the PKG_CONFIG_PATH environment variable
No package 'dbusmenu-gtk3-0.4' found
configure:17376: $? = 1
configure:17390: $PKG_CONFIG --exists --print-errors "$DBUSMENU_PKGS"
Package dbusmenu-glib-0.4 was not found in the pkg-config search path.
Perhaps you should add the directory containing `dbusmenu-glib-0.4.pc'
to the PKG_CONFIG_PATH environment variable
No package 'dbusmenu-glib-0.4' found
Package dbusmenu-gtk3-0.4 was not found in the pkg-config search path.
Perhaps you should add the directory containing `dbusmenu-gtk3-0.4.pc'
to the PKG_CONFIG_PATH environment variable
No package 'dbusmenu-gtk3-0.4' found
configure:17393: $? = 1
configure:17407: result: no
No package 'dbusmenu-glib-0.4' found
No package 'dbusmenu-gtk3-0.4' found
configure:17457: checking for PLANK_CORE
configure:17464: $PKG_CONFIG --exists --print-errors "$PLANK_CORE_PKGS"
configure:17467: $? = 0
configure:17481: $PKG_CONFIG --exists --print-errors "$PLANK_CORE_PKGS"
configure:17484: $? = 0
configure:17542: result: yes
configure:17596: checking sys/prctl.h usability
configure:17596: gcc -c -g -O2  -DGLIB_VERSION_MIN_REQUIRED=GLIB_VERSION_2_40  -DGLIB_VERSION_MAX_ALLOWED=GLIB_VERSION_2_40  -DGDK_VERSION_MIN_REQUIRED=GDK_VERSION_3_10  -DGDK_VERSION_MAX_ALLOWED=GDK_VERSION_3_10  conftest.c >&5
configure:17596: $? = 0
configure:17596: result: yes
configure:17596: checking sys/prctl.h presence
configure:17596: gcc -E  conftest.c
configure:17596: $? = 0
configure:17596: result: yes
configure:17596: checking for sys/prctl.h
configure:17596: result: yes
configure:18123: checking for help2man
configure:18153: result: no
configure:18299: checking whether NLS is requested
configure:18308: result: yes
configure:18326: checking for intltool >= 0.35.0
configure:18328: result: 0.51.0 found
configure:18336: checking for intltool-update
configure:18354: found /usr/bin/intltool-update
configure:18366: result: /usr/bin/intltool-update
configure:18376: checking for intltool-merge
configure:18394: found /usr/bin/intltool-merge
configure:18406: result: /usr/bin/intltool-merge
configure:18416: checking for intltool-extract
configure:18434: found /usr/bin/intltool-extract
configure:18446: result: /usr/bin/intltool-extract
configure:18600: checking for xgettext
configure:18618: found /usr/bin/xgettext
configure:18630: result: /usr/bin/xgettext
configure:18640: checking for msgmerge
configure:18658: found /usr/bin/msgmerge
configure:18670: result: /usr/bin/msgmerge
configure:18680: checking for msgfmt
configure:18698: found /usr/bin/msgfmt
configure:18710: result: /usr/bin/msgfmt
configure:18720: checking for gmsgfmt
configure:18751: result: /usr/bin/msgfmt
configure:18771: checking for perl
configure:18789: found /usr/bin/perl
configure:18801: result: /usr/bin/perl
configure:18812: checking for perl >= 5.8.1
configure:18819: result: 5.26.1
configure:18823: checking for XML::Parser
configure:18826: result: ok
configure:18956: checking that generated files are newer than configure
configure:18962: result: done
configure:19053: creating ./config.status

## ---------------------- ##
## Running config.status. ##
## ---------------------- ##

This file was extended by plank config.status 0.11.4, which was
generated by GNU Autoconf 2.69.  Invocation command line was

  CONFIG_FILES    = 
  CONFIG_HEADERS  = 
  CONFIG_LINKS    = 
  CONFIG_COMMANDS = 
  $ ./config.status 

on simon-T440p

config.status:1367: creating Makefile
config.status:1367: creating data/Makefile
config.status:1367: creating data/net.launchpad.plank.gschema.xml.in
config.status:1367: creating data/apport/Makefile
config.status:1367: creating data/icons/Makefile
config.status:1367: creating data/themes/Makefile
config.status:1367: creating lib/Makefile
config.status:1367: creating lib/plank.pc
config.status:1367: creating lib/Version.vala
config.status:1367: creating src/Makefile
config.status:1367: creating docklets/Makefile
config.status:1367: creating docklets/Clippy/Makefile
config.status:1367: creating docklets/Clock/Makefile
config.status:1367: creating docklets/CPUMonitor/Makefile
config.status:1367: creating docklets/Desktop/Makefile
config.status:1367: creating docklets/Trash/Makefile
config.status:1367: creating docs/Makefile
config.status:1367: creating po/Makefile.in
config.status:1367: creating tests/Makefile
config.status:1367: creating examples/Makefile
config.status:1367: creating vapi/Makefile
config.status:1367: creating config.h
config.status:1596: executing depfiles commands
config.status:1596: executing libtool commands
config.status:1596: executing po/stamp-it commands

## ---------------- ##
## Cache variables. ##
## ---------------- ##

ac_cv_build=x86_64-pc-linux-gnu
ac_cv_c_compiler_gnu=yes
ac_cv_cxx_compiler_gnu=yes
ac_cv_env_BAMF_CFLAGS_set=
ac_cv_env_BAMF_CFLAGS_value=
ac_cv_env_BAMF_LIBS_set=
ac_cv_env_BAMF_LIBS_value=
ac_cv_env_CCC_set=
ac_cv_env_CCC_value=
ac_cv_env_CC_set=
ac_cv_env_CC_value=
ac_cv_env_CFLAGS_set=
ac_cv_env_CFLAGS_value=
ac_cv_env_CPPFLAGS_set=
ac_cv_env_CPPFLAGS_value=
ac_cv_env_CPP_set=
ac_cv_env_CPP_value=
ac_cv_env_CXXCPP_set=
ac_cv_env_CXXCPP_value=
ac_cv_env_CXXFLAGS_set=
ac_cv_env_CXXFLAGS_value=
ac_cv_env_CXX_set=
ac_cv_env_CXX_value=
ac_cv_env_DBUSMENU_CFLAGS_set=
ac_cv_env_DBUSMENU_CFLAGS_value=
ac_cv_env_DBUSMENU_LIBS_set=
ac_cv_env_DBUSMENU_LIBS_value=
ac_cv_env_GLIB_COMPILE_RESOURCES_set=
ac_cv_env_GLIB_COMPILE_RESOURCES_value=
ac_cv_env_HIDPI_CFLAGS_set=
ac_cv_env_HIDPI_CFLAGS_value=
ac_cv_env_HIDPI_LIBS_set=
ac_cv_env_HIDPI_LIBS_value=
ac_cv_env_LDFLAGS_set=
ac_cv_env_LDFLAGS_value=
ac_cv_env_LIBS_set=
ac_cv_env_LIBS_value=
ac_cv_env_LT_SYS_LIBRARY_PATH_set=
ac_cv_env_LT_SYS_LIBRARY_PATH_value=
ac_cv_env_PKG_CONFIG_LIBDIR_set=
ac_cv_env_PKG_CONFIG_LIBDIR_value=
ac_cv_env_PKG_CONFIG_PATH_set=
ac_cv_env_PKG_CONFIG_PATH_value=
ac_cv_env_PKG_CONFIG_set=
ac_cv_env_PKG_CONFIG_value=
ac_cv_env_PLANK_CORE_CFLAGS_set=
ac_cv_env_PLANK_CORE_CFLAGS_value=
ac_cv_env_PLANK_CORE_LIBS_set=
ac_cv_env_PLANK_CORE_LIBS_value=
ac_cv_env_VALADOC_CFLAGS_set=
ac_cv_env_VALADOC_CFLAGS_value=
ac_cv_env_VALADOC_LIBS_set=
ac_cv_env_VALADOC_LIBS_value=
ac_cv_env_XMLLINT_set=
ac_cv_env_XMLLINT_value=
ac_cv_env_build_alias_set=
ac_cv_env_build_alias_value=
ac_cv_env_host_alias_set=
ac_cv_env_host_alias_value=
ac_cv_env_target_alias_set=
ac_cv_env_target_alias_value=
ac_cv_header_dlfcn_h=yes
ac_cv_header_inttypes_h=yes
ac_cv_header_memory_h=yes
ac_cv_header_stdc=yes
ac_cv_header_stdint_h=yes
ac_cv_header_stdlib_h=yes
ac_cv_header_string_h=yes
ac_cv_header_strings_h=yes
ac_cv_header_sys_prctl_h=yes
ac_cv_header_sys_stat_h=yes
ac_cv_header_sys_types_h=yes
ac_cv_header_unistd_h=yes
ac_cv_host=x86_64-pc-linux-gnu
ac_cv_lib_Xfixes_XFixesDestroyPointerBarrier=yes
ac_cv_lib_Xi_XIBarrierReleasePointer=yes
ac_cv_lib_m_cos=yes
ac_cv_objext=o
ac_cv_path_EGREP='/usr/bin/grep -E'
ac_cv_path_FGREP='/usr/bin/grep -F'
ac_cv_path_GLIB_COMPILE_RESOURCES=/usr/bin/glib-compile-resources
ac_cv_path_GMSGFMT=/usr/bin/msgfmt
ac_cv_path_GREP=/usr/bin/grep
ac_cv_path_INTLTOOL_EXTRACT=/usr/bin/intltool-extract
ac_cv_path_INTLTOOL_MERGE=/usr/bin/intltool-merge
ac_cv_path_INTLTOOL_PERL=/usr/bin/perl
ac_cv_path_INTLTOOL_UPDATE=/usr/bin/intltool-update
ac_cv_path_MSGFMT=/usr/bin/msgfmt
ac_cv_path_MSGMERGE=/usr/bin/msgmerge
ac_cv_path_SED=/usr/bin/sed
ac_cv_path_VALAC=/usr/bin/valac
ac_cv_path_VAPIGEN=/usr/bin/vapigen
ac_cv_path_XGETTEXT=/usr/bin/xgettext
ac_cv_path_XMLLINT=/usr/bin/xmllint
ac_cv_path_ac_pt_PKG_CONFIG=/usr/bin/pkg-config
ac_cv_path_install='/usr/bin/install -c'
ac_cv_path_lt_DD=/usr/bin/dd
ac_cv_path_mkdir=/usr/bin/mkdir
ac_cv_prog_AWK=gawk
ac_cv_prog_CPP='gcc -E'
ac_cv_prog_CXXCPP='g++ -E'
ac_cv_prog_ac_ct_AR=ar
ac_cv_prog_ac_ct_CC=gcc
ac_cv_prog_ac_ct_CXX=g++
ac_cv_prog_ac_ct_OBJDUMP=objdump
ac_cv_prog_ac_ct_RANLIB=ranlib
ac_cv_prog_ac_ct_STRIP=strip
ac_cv_prog_cc_c89=
ac_cv_prog_cc_g=yes
ac_cv_prog_cxx_c_o=yes
ac_cv_prog_cxx_g=yes
ac_cv_prog_make_make_set=yes
am_cv_CC_dependencies_compiler_type=gcc3
am_cv_CXX_dependencies_compiler_type=gcc3
am_cv_make_support_nested_variables=yes
am_cv_prog_cc_c_o=yes
am_cv_prog_tar_ustar=gnutar
lt_cv_ar_at_file=@
lt_cv_archive_cmds_need_lc=no
lt_cv_deplibs_check_method=pass_all
lt_cv_file_magic_cmd='$MAGIC_CMD'
lt_cv_file_magic_test_file=
lt_cv_ld_reload_flag=-r
lt_cv_nm_interface='BSD nm'
lt_cv_objdir=.libs
lt_cv_path_LD=/usr/bin/ld
lt_cv_path_LDCXX='/usr/bin/ld -m elf_x86_64'
lt_cv_path_NM='/usr/bin/nm -B'
lt_cv_path_mainfest_tool=no
lt_cv_prog_compiler_c_o=yes
lt_cv_prog_compiler_c_o_CXX=yes
lt_cv_prog_compiler_pic='-fPIC -DPIC'
lt_cv_prog_compiler_pic_CXX='-fPIC -DPIC'
lt_cv_prog_compiler_pic_works=yes
lt_cv_prog_compiler_pic_works_CXX=yes
lt_cv_prog_compiler_rtti_exceptions=no
lt_cv_prog_compiler_static_works=yes
lt_cv_prog_compiler_static_works_CXX=yes
lt_cv_prog_gnu_ld=yes
lt_cv_prog_gnu_ldcxx=yes
lt_cv_sharedlib_from_linklib_cmd='printf %s\n'
lt_cv_shlibpath_overrides_runpath=no
lt_cv_sys_global_symbol_pipe='sed -n -e '\''s/^.*[	 ]\([ABCDGIRSTW][ABCDGIRSTW]*\)[	 ][	 ]*\([_A-Za-z][_A-Za-z0-9]*\)$/\1 \2 \2/p'\'' | sed '\''/ __gnu_lto/d'\'''
lt_cv_sys_global_symbol_to_c_name_address='sed -n -e '\''s/^: \(.*\) .*$/  {"\1", (void *) 0},/p'\'' -e '\''s/^[ABCDGIRSTW][ABCDGIRSTW]* .* \(.*\)$/  {"\1", (void *) \&\1},/p'\'''
lt_cv_sys_global_symbol_to_c_name_address_lib_prefix='sed -n -e '\''s/^: \(.*\) .*$/  {"\1", (void *) 0},/p'\'' -e '\''s/^[ABCDGIRSTW][ABCDGIRSTW]* .* \(lib.*\)$/  {"\1", (void *) \&\1},/p'\'' -e '\''s/^[ABCDGIRSTW][ABCDGIRSTW]* .* \(.*\)$/  {"lib\1", (void *) \&\1},/p'\'''
lt_cv_sys_global_symbol_to_cdecl='sed -n -e '\''s/^T .* \(.*\)$/extern int \1();/p'\'' -e '\''s/^[ABCDGIRSTW][ABCDGIRSTW]* .* \(.*\)$/extern char \1;/p'\'''
lt_cv_sys_global_symbol_to_import=
lt_cv_sys_max_cmd_len=1572864
lt_cv_to_host_file_cmd=func_convert_file_noop
lt_cv_to_tool_file_cmd=func_convert_file_noop
lt_cv_truncate_bin='/usr/bin/dd bs=4096 count=1'
pkg_cv_BAMF_CFLAGS='-pthread -I/usr/include/libbamf3 -I/usr/lib/libbamf3/include -I/usr/include/glib-2.0 -I/usr/lib/glib-2.0/include'
pkg_cv_BAMF_LIBS='-lbamf3 -lgio-2.0 -lgobject-2.0 -lglib-2.0'
pkg_cv_HIDPI_CFLAGS='-I/usr/include/cairo -I/usr/include/pixman-1 -I/usr/include/freetype2 -I/usr/include/libpng16 -I/usr/include/harfbuzz -I/usr/include/glib-2.0 -I/usr/lib/glib-2.0/include -I/usr/include/freetype2 -I/usr/include/harfbuzz -I/usr/include/glib-2.0 -I/usr/lib/glib-2.0/include -I/usr/include/libpng16'
pkg_cv_HIDPI_LIBS=-lcairo
pkg_cv_PLANK_CORE_CFLAGS='-pthread -I/usr/include/gtk-3.0 -I/usr/include/gee-0.8 -I/usr/include/libbamf3 -I/usr/lib/libbamf3/include -I/usr/include/libwnck-3.0 -I/usr/include/startup-notification-1.0 -I/usr/include/gtk-3.0 -I/usr/include/at-spi2-atk/2.0 -I/usr/include/at-spi-2.0 -I/usr/include/dbus-1.0 -I/usr/lib/dbus-1.0/include -I/usr/include/gtk-3.0 -I/usr/include/gio-unix-2.0/ -I/usr/include/cairo -I/usr/include/libdrm -I/usr/include/pango-1.0 -I/usr/include/atk-1.0 -I/usr/include/cairo -I/usr/include/pixman-1 -I/usr/include/freetype2 -I/usr/include/libpng16 -I/usr/include/harfbuzz -I/usr/include/glib-2.0 -I/usr/lib/glib-2.0/include -I/usr/include/freetype2 -I/usr/include/harfbuzz -I/usr/include/libpng16 -I/usr/include/gdk-pixbuf-2.0 -I/usr/include/glib-2.0 -I/usr/lib/glib-2.0/include'
pkg_cv_PLANK_CORE_LIBS='-lgio-2.0 -Wl,--export-dynamic -lgmodule-2.0 -pthread -lgdk-3 -lgee-0.8 -lbamf3 -lwnck-3 -lgtk-3 -lgdk-3 -lpangocairo-1.0 -lpango-1.0 -latk-1.0 -lcairo-gobject -lcairo -lgdk_pixbuf-2.0 -lgio-2.0 -lgobject-2.0 -lglib-2.0 -lX11 -lXi -lXfixes'

## ----------------- ##
## Output variables. ##
## ----------------- ##










		$(INSTALL_DATA) $^ "$(DESTDIR)$(gsettingsschemadir)"; \
		test -n "$(GSETTINGS_DISABLE_SCHEMAS_COMPILE)$(DESTDIR)" || $(GLIB_COMPILE_SCHEMAS) $(gsettingsschemadir); \
		test -z "$(gsettingsschemadir)" || $(MKDIR_P) "$(DESTDIR)$(gsettingsschemadir)"; \
	$(AM_V_GEN) $(GLIB_COMPILE_SCHEMAS) --strict --dry-run $(addprefix --schema-file=,$(gsettings__enum_file)) --schema-file=$< && mkdir -p $(@D) && touch $@
	$(AM_V_GEN) glib-mkenums --comments '\''<!-- @comment@ -->'\'' --fhead "<schemalist>" --vhead "  <@type@ id='\''$(gsettings_ENUM_NAMESPACE).@EnumName@'\''>" --vprod "    <value nick='\''@valuenick@'\'' value='\''@valuenum@'\''/>" --vtail "  </@type@>" --ftail "</schemalist>" $^ > $@.tmp && mv $@.tmp $@
	@$(NORMAL_INSTALL)
	@$(NORMAL_UNINSTALL)
	@list='\''$(gsettings_SCHEMAS) $(gsettings__enum_file)'\''; test -n "$(gsettingsschemadir)" || list=; \
	cd "$(DESTDIR)$(gsettingsschemadir)" && rm -f $$files
	echo " ( cd '\''$(DESTDIR)$(gsettingsschemadir)'\'' && rm -f" $$files ")"; \
	fi
	files=`for p in $$list; do echo $$p; done | sed -e '\''s|^.*/||'\''`; \
	if test -n "$^"; then \
	rm -f $(gsettings_SCHEMAS:.xml=.valid) $(gsettings__enum_file)
	test -n "$$files" || exit 0; \
	test -n "$(GSETTINGS_DISABLE_SCHEMAS_COMPILE)$(DESTDIR)" || $(GLIB_COMPILE_SCHEMAS) $(gsettingsschemadir)
$(gsettings__enum_file): $(gsettings_ENUM_FILES)
%.gschema.valid: %.gschema.xml $(gsettings__enum_file)
.PHONY : uninstall-gsettings-schemas install-gsettings-schemas clean-gsettings-schemas
.SECONDARY: $(gsettings_SCHEMAS)
ACLOCAL='${SHELL} /home/prod/Downloads/plank-src/build-aux/missing aclocal-1.15'
ALL_LINGUAS=''
AMDEPBACKSLASH='\'
AMDEP_FALSE='#'
AMDEP_TRUE=''
AMTAR='$${TAR-tar}'
AM_BACKSLASH='\'
AM_DEFAULT_V='$(AM_DEFAULT_VERBOSITY)'
AM_DEFAULT_VERBOSITY='0'
AM_V='$(V)'
API_VERSION='0.11'
AR='ar'
AUTOCONF='${SHELL} /home/prod/Downloads/plank-src/build-aux/missing autoconf'
AUTOHEADER='${SHELL} /home/prod/Downloads/plank-src/build-aux/missing autoheader'
AUTOMAKE='${SHELL} /home/prod/Downloads/plank-src/build-aux/missing automake-1.15'
AWK='gawk'
BAMF_CFLAGS='-pthread -I/usr/include/libbamf3 -I/usr/lib/libbamf3/include -I/usr/include/glib-2.0 -I/usr/lib/glib-2.0/include'
BAMF_LIBS='-lbamf3 -lgio-2.0 -lgobject-2.0 -lglib-2.0'
CC='gcc'
CCDEPMODE='depmode=gcc3'
CFLAGS='-g -O2  -DGLIB_VERSION_MIN_REQUIRED=GLIB_VERSION_2_40  -DGLIB_VERSION_MAX_ALLOWED=GLIB_VERSION_2_40  -DGDK_VERSION_MIN_REQUIRED=GDK_VERSION_3_10  -DGDK_VERSION_MAX_ALLOWED=GDK_VERSION_3_10 -Wl,--enable-new-dtags'
COVERAGE_CFLAGS=''
COVERAGE_LDFLAGS=''
COVERAGE_VALAFLAGS=''
CPP='gcc -E'
CPPFLAGS=''
CXX='g++'
CXXCPP='g++ -E'
CXXDEPMODE='depmode=gcc3'
CXXFLAGS='-g -O2'
CYGPATH_W='echo'
DBUSMENU_CFLAGS=''
DBUSMENU_LIBS=''
DBUS_LAUNCH=''
DEFS='-DHAVE_CONFIG_H'
DEPDIR='.deps'
DLLTOOL='false'
DOCKLET_LDFLAGS='-module -avoid-version'
DSYMUTIL=''
DUMPBIN=''
ECHO_C=''
ECHO_N='-n'
ECHO_T=''
EGREP='/usr/bin/grep -E'
ENABLE_APPORT_FALSE='#'
ENABLE_APPORT_TRUE=''
ENABLE_DOCS_FALSE=''
ENABLE_DOCS_TRUE='#'
EXEEXT=''
FGREP='/usr/bin/grep -F'
GCOVR=''
GENHTML=''
GETTEXT_PACKAGE='plank'
GLIB_COMPILE_RESOURCES='/usr/bin/glib-compile-resources'
GLIB_COMPILE_SCHEMAS='glib-compile-schemas'
GMOCK_INCLUDEDIR='/usr/include'
GMOCK_SRCDIR='/usr/src/gmock'
GMSGFMT='/usr/bin/msgfmt'
GREP='/usr/bin/grep'
GSETTINGS_DISABLE_SCHEMAS_COMPILE=''
GSETTINGS_RULES='
GTEST_INCLUDEDIR='/usr/include'
GTEST_SRCDIR='/usr/src/gtest'
HAVE_BAMF_0_4_FALSE='#'
HAVE_BAMF_0_4_TRUE=''
HAVE_BARRIERS_FALSE='#'
HAVE_BARRIERS_TRUE=''
HAVE_DBUSMENU_FALSE=''
HAVE_DBUSMENU_TRUE='#'
HAVE_GCOVR_FALSE=''
HAVE_GCOVR_TRUE='#'
HAVE_GCOV_FALSE=''
HAVE_GCOV_TRUE='#'
HAVE_GMOCK_FALSE=''
HAVE_GMOCK_TRUE='#'
HAVE_HEADLESS_TESTS_FALSE=''
HAVE_HEADLESS_TESTS_TRUE='#'
HAVE_HELP2MAN_FALSE=''
HAVE_HELP2MAN_TRUE='#'
HAVE_HIDPI_FALSE='#'
HAVE_HIDPI_TRUE=''
HAVE_LCOV_FALSE=''
HAVE_LCOV_TRUE='#'
HAVE_VALADOC_FALSE=''
HAVE_VALADOC_TRUE='#'
HELP2MAN=''
HIDPI_CFLAGS='-I/usr/include/cairo -I/usr/include/pixman-1 -I/usr/include/freetype2 -I/usr/include/libpng16 -I/usr/include/harfbuzz -I/usr/include/glib-2.0 -I/usr/lib/glib-2.0/include -I/usr/include/freetype2 -I/usr/include/harfbuzz -I/usr/include/glib-2.0 -I/usr/lib/glib-2.0/include -I/usr/include/libpng16'
HIDPI_LIBS='-lcairo'
INSTALL_DATA='${INSTALL} -m 644'
INSTALL_PROGRAM='${INSTALL}'
INSTALL_SCRIPT='${INSTALL}'
INSTALL_STRIP_PROGRAM='$(install_sh) -c -s'
INTLTOOL_CAVES_RULE='%.caves:     %.caves.in     $(INTLTOOL_MERGE) $(wildcard $(top_srcdir)/po/*.po) ; $(INTLTOOL_V_MERGE)LC_ALL=C $(INTLTOOL_MERGE) $(INTLTOOL_V_MERGE_OPTIONS) -d -u -c $(top_builddir)/po/.intltool-merge-cache $(top_srcdir)/po $< $@'
INTLTOOL_DESKTOP_RULE='%.desktop:   %.desktop.in   $(INTLTOOL_MERGE) $(wildcard $(top_srcdir)/po/*.po) ; $(INTLTOOL_V_MERGE)LC_ALL=C $(INTLTOOL_MERGE) $(INTLTOOL_V_MERGE_OPTIONS) -d -u -c $(top_builddir)/po/.intltool-merge-cache $(top_srcdir)/po $< $@'
INTLTOOL_DIRECTORY_RULE='%.directory: %.directory.in $(INTLTOOL_MERGE) $(wildcard $(top_srcdir)/po/*.po) ; $(INTLTOOL_V_MERGE)LC_ALL=C $(INTLTOOL_MERGE) $(INTLTOOL_V_MERGE_OPTIONS) -d -u -c $(top_builddir)/po/.intltool-merge-cache $(top_srcdir)/po $< $@'
INTLTOOL_EXTRACT='/usr/bin/intltool-extract'
INTLTOOL_KBD_RULE='%.kbd:       %.kbd.in       $(INTLTOOL_MERGE) $(wildcard $(top_srcdir)/po/*.po) ; $(INTLTOOL_V_MERGE)LC_ALL=C $(INTLTOOL_MERGE) $(INTLTOOL_V_MERGE_OPTIONS) -x -u -m -c $(top_builddir)/po/.intltool-merge-cache $(top_srcdir)/po $< $@'
INTLTOOL_KEYS_RULE='%.keys:      %.keys.in      $(INTLTOOL_MERGE) $(wildcard $(top_srcdir)/po/*.po) ; $(INTLTOOL_V_MERGE)LC_ALL=C $(INTLTOOL_MERGE) $(INTLTOOL_V_MERGE_OPTIONS) -k -u -c $(top_builddir)/po/.intltool-merge-cache $(top_srcdir)/po $< $@'
INTLTOOL_MERGE='/usr/bin/intltool-merge'
INTLTOOL_OAF_RULE='%.oaf:       %.oaf.in       $(INTLTOOL_MERGE) $(wildcard $(top_srcdir)/po/*.po) ; $(INTLTOOL_V_MERGE)LC_ALL=C $(INTLTOOL_MERGE) $(INTLTOOL_V_MERGE_OPTIONS) -o -p $(top_srcdir)/po $< $@'
INTLTOOL_PERL='/usr/bin/perl'
INTLTOOL_POLICY_RULE='%.policy:    %.policy.in    $(INTLTOOL_MERGE) $(wildcard $(top_srcdir)/po/*.po) ; $(INTLTOOL_V_MERGE)LC_ALL=C $(INTLTOOL_MERGE) $(INTLTOOL_V_MERGE_OPTIONS) -x -u -c $(top_builddir)/po/.intltool-merge-cache $(top_srcdir)/po $< $@'
INTLTOOL_PONG_RULE='%.pong:      %.pong.in      $(INTLTOOL_MERGE) $(wildcard $(top_srcdir)/po/*.po) ; $(INTLTOOL_V_MERGE)LC_ALL=C $(INTLTOOL_MERGE) $(INTLTOOL_V_MERGE_OPTIONS) -x -u -c $(top_builddir)/po/.intltool-merge-cache $(top_srcdir)/po $< $@'
INTLTOOL_PROP_RULE='%.prop:      %.prop.in      $(INTLTOOL_MERGE) $(wildcard $(top_srcdir)/po/*.po) ; $(INTLTOOL_V_MERGE)LC_ALL=C $(INTLTOOL_MERGE) $(INTLTOOL_V_MERGE_OPTIONS) -d -u -c $(top_builddir)/po/.intltool-merge-cache $(top_srcdir)/po $< $@'
INTLTOOL_SCHEMAS_RULE='%.schemas:   %.schemas.in   $(INTLTOOL_MERGE) $(wildcard $(top_srcdir)/po/*.po) ; $(INTLTOOL_V_MERGE)LC_ALL=C $(INTLTOOL_MERGE) $(INTLTOOL_V_MERGE_OPTIONS) -s -u -c $(top_builddir)/po/.intltool-merge-cache $(top_srcdir)/po $< $@'
INTLTOOL_SERVER_RULE='%.server:    %.server.in    $(INTLTOOL_MERGE) $(wildcard $(top_srcdir)/po/*.po) ; $(INTLTOOL_V_MERGE)LC_ALL=C $(INTLTOOL_MERGE) $(INTLTOOL_V_MERGE_OPTIONS) -o -u -c $(top_builddir)/po/.intltool-merge-cache $(top_srcdir)/po $< $@'
INTLTOOL_SERVICE_RULE='%.service: %.service.in   $(INTLTOOL_MERGE) $(wildcard $(top_srcdir)/po/*.po) ; $(INTLTOOL_V_MERGE)LC_ALL=C $(INTLTOOL_MERGE) $(INTLTOOL_V_MERGE_OPTIONS) -d -u -c $(top_builddir)/po/.intltool-merge-cache $(top_srcdir)/po $< $@'
INTLTOOL_SHEET_RULE='%.sheet:     %.sheet.in     $(INTLTOOL_MERGE) $(wildcard $(top_srcdir)/po/*.po) ; $(INTLTOOL_V_MERGE)LC_ALL=C $(INTLTOOL_MERGE) $(INTLTOOL_V_MERGE_OPTIONS) -x -u -c $(top_builddir)/po/.intltool-merge-cache $(top_srcdir)/po $< $@'
INTLTOOL_SOUNDLIST_RULE='%.soundlist: %.soundlist.in $(INTLTOOL_MERGE) $(wildcard $(top_srcdir)/po/*.po) ; $(INTLTOOL_V_MERGE)LC_ALL=C $(INTLTOOL_MERGE) $(INTLTOOL_V_MERGE_OPTIONS) -d -u -c $(top_builddir)/po/.intltool-merge-cache $(top_srcdir)/po $< $@'
INTLTOOL_THEME_RULE='%.theme:     %.theme.in     $(INTLTOOL_MERGE) $(wildcard $(top_srcdir)/po/*.po) ; $(INTLTOOL_V_MERGE)LC_ALL=C $(INTLTOOL_MERGE) $(INTLTOOL_V_MERGE_OPTIONS) -d -u -c $(top_builddir)/po/.intltool-merge-cache $(top_srcdir)/po $< $@'
INTLTOOL_UI_RULE='%.ui:        %.ui.in        $(INTLTOOL_MERGE) $(wildcard $(top_srcdir)/po/*.po) ; $(INTLTOOL_V_MERGE)LC_ALL=C $(INTLTOOL_MERGE) $(INTLTOOL_V_MERGE_OPTIONS) -x -u -c $(top_builddir)/po/.intltool-merge-cache $(top_srcdir)/po $< $@'
INTLTOOL_UPDATE='/usr/bin/intltool-update'
INTLTOOL_V_MERGE='$(INTLTOOL__v_MERGE_$(V))'
INTLTOOL_V_MERGE_OPTIONS='$(intltool__v_merge_options_$(V))'
INTLTOOL_XAM_RULE='%.xam:       %.xml.in       $(INTLTOOL_MERGE) $(wildcard $(top_srcdir)/po/*.po) ; $(INTLTOOL_V_MERGE)LC_ALL=C $(INTLTOOL_MERGE) $(INTLTOOL_V_MERGE_OPTIONS) -x -u -c $(top_builddir)/po/.intltool-merge-cache $(top_srcdir)/po $< $@'
INTLTOOL_XML_NOMERGE_RULE='%.xml:       %.xml.in       $(INTLTOOL_MERGE) ; $(INTLTOOL_V_MERGE)LC_ALL=C $(INTLTOOL_MERGE) $(INTLTOOL_V_MERGE_OPTIONS) -x -u --no-translations $< $@'
INTLTOOL_XML_RULE='%.xml:       %.xml.in       $(INTLTOOL_MERGE) $(wildcard $(top_srcdir)/po/*.po) ; $(INTLTOOL_V_MERGE)LC_ALL=C $(INTLTOOL_MERGE) $(INTLTOOL_V_MERGE_OPTIONS) -x -u -c $(top_builddir)/po/.intltool-merge-cache $(top_srcdir)/po $< $@'
INTLTOOL__v_MERGE_0='@echo "  ITMRG " $@;'
INTLTOOL__v_MERGE_='$(INTLTOOL__v_MERGE_$(AM_DEFAULT_VERBOSITY))'
LCOV=''
LD='/usr/bin/ld -m elf_x86_64'
LDFLAGS=''
LIBM='-lm'
LIBOBJS=''
LIBS=''
LIBTOOL='$(SHELL) $(top_builddir)/libtool'
LIPO=''
LN_S='ln -s'
LTLIBOBJS=''
LT_AGE='0'
LT_CURRENT='1'
LT_REVISION='0'
LT_SYS_LIBRARY_PATH=''
MAINT=''
MAINTAINER_MODE_FALSE='#'
MAINTAINER_MODE_TRUE=''
MAKEINFO='${SHELL} /home/prod/Downloads/plank-src/build-aux/missing makeinfo'
MANIFEST_TOOL=':'
MKDIR_P='/usr/bin/mkdir -p'
MSGFMT='/usr/bin/msgfmt'
MSGMERGE='/usr/bin/msgmerge'
NM='/usr/bin/nm -B'
NMEDIT=''
OBJDUMP='objdump'
OBJEXT='o'
OTOOL64=''
OTOOL=''
PACKAGE='plank'
PACKAGE_BUGREPORT='https://bugs.launchpad.net/plank'
PACKAGE_NAME='plank'
PACKAGE_STRING='plank 0.11.4'
PACKAGE_TARNAME='plank'
PACKAGE_URL='https://launchpad.net/plank'
PACKAGE_VERSION='0.11.4'
PATH_SEPARATOR=':'
PKG_CONFIG='/usr/bin/pkg-config'
PKG_CONFIG_LIBDIR=''
PKG_CONFIG_PATH=''
PLANK_CORE_CFLAGS='-pthread -I/usr/include/gtk-3.0 -I/usr/include/gee-0.8 -I/usr/include/libbamf3 -I/usr/lib/libbamf3/include -I/usr/include/libwnck-3.0 -I/usr/include/startup-notification-1.0 -I/usr/include/gtk-3.0 -I/usr/include/at-spi2-atk/2.0 -I/usr/include/at-spi-2.0 -I/usr/include/dbus-1.0 -I/usr/lib/dbus-1.0/include -I/usr/include/gtk-3.0 -I/usr/include/gio-unix-2.0/ -I/usr/include/cairo -I/usr/include/libdrm -I/usr/include/pango-1.0 -I/usr/include/atk-1.0 -I/usr/include/cairo -I/usr/include/pixman-1 -I/usr/include/freetype2 -I/usr/include/libpng16 -I/usr/include/harfbuzz -I/usr/include/glib-2.0 -I/usr/lib/glib-2.0/include -I/usr/include/freetype2 -I/usr/include/harfbuzz -I/usr/include/libpng16 -I/usr/include/gdk-pixbuf-2.0 -I/usr/include/glib-2.0 -I/usr/lib/glib-2.0/include'
PLANK_CORE_LIBS='-lgio-2.0 -Wl,--export-dynamic -lgmodule-2.0 -pthread -lgdk-3 -lgee-0.8 -lbamf3 -lwnck-3 -lgtk-3 -lgdk-3 -lpangocairo-1.0 -lpango-1.0 -latk-1.0 -lcairo-gobject -lcairo -lgdk_pixbuf-2.0 -lgio-2.0 -lgobject-2.0 -lglib-2.0 -lX11 -lXi -lXfixes'
PLANK_CORE_OPTIONAL_PKGS=' xi >= 1.6.99.1 xfixes >= 5.0'
PLANK_CORE_VALAFLAGS=' --target-glib=2.40 --define HAVE_HIDPI --define HAVE_BAMF_0_4 --define HAVE_BARRIERS --define HAVE_SYS_PRCTL_H --pkg gio-unix-2.0                       --pkg gmodule-2.0                       --pkg gtk+-3.0                       --pkg gdk-x11-3.0                       --pkg gdk-pixbuf-2.0                       --pkg cairo                       --pkg gee-0.8                       --pkg libbamf3                       --pkg libwnck-3.0                       --pkg posix                       --pkg x11 --pkg xi --pkg xfixes'
PLANK_DOCS_VALAFLAGS='--target-glib=2.40 --define HAVE_HIDPI --define HAVE_BAMF_0_4 --define HAVE_BARRIERS --define HAVE_SYS_PRCTL_H --pkg gio-unix-2.0                       --pkg gmodule-2.0                       --pkg gtk+-3.0                       --pkg gdk-x11-3.0                       --pkg gdk-pixbuf-2.0                       --pkg cairo                       --pkg gee-0.8                       --pkg libbamf3                       --pkg libwnck-3.0                       --pkg posix                       --pkg x11 --pkg xi --pkg xfixes'
PLANK_MAJOR_MINOR_VERSION='0.11'
PLANK_MAJOR_VERSION='0'
PLANK_MICRO_VERSION='4'
PLANK_MINOR_VERSION='11'
PLANK_NANO_VERSION='0'
RANLIB='ranlib'
SED='/usr/bin/sed'
SET_MAKE=''
SHELL='/bin/sh'
SHTOOL=''
STRIP='strip'
USE_NLS='yes'
VALAC='/usr/bin/valac'
VALADOC=''
VALADOC_CFLAGS=''
VALADOC_LIBS=''
VAPIGEN='/usr/bin/vapigen'
VERSION='0.11.4'
XGETTEXT='/usr/bin/xgettext'
XMLLINT='/usr/bin/xmllint'
XVFB_RUN=''
ac_ct_AR='ar'
ac_ct_CC='gcc'
ac_ct_CXX='g++'
ac_ct_DUMPBIN=''
all-am: $(gsettings_SCHEMAS:.xml=.valid)
am__EXEEXT_FALSE=''
am__EXEEXT_TRUE='#'
am__fastdepCC_FALSE='#'
am__fastdepCC_TRUE=''
am__fastdepCXX_FALSE='#'
am__fastdepCXX_TRUE=''
am__include='include'
am__isrc=''
am__leading_dot='.'
am__nodep='_no'
am__quote=''
am__tar='tar --format=ustar -chf - "$$tardir"'
am__untar='tar -xf -'
bindir='${exec_prefix}/bin'
build='x86_64-pc-linux-gnu'
build_alias=''
build_cpu='x86_64'
build_os='linux-gnu'
build_vendor='pc'
clean-gsettings-schemas:
datadir='${datarootdir}'
datarootdir='${prefix}/share'
docdir='${datarootdir}/doc/${PACKAGE_TARNAME}'
dvidir='${docdir}'
endif'
exec_prefix='${prefix}'
gsettings__enum_file = $(addsuffix .enums.xml,$(gsettings_ENUM_NAMESPACE))
gsettingsschemadir='${datarootdir}/glib-2.0/schemas'
host='x86_64-pc-linux-gnu'
host_alias=''
host_cpu='x86_64'
host_os='linux-gnu'
host_vendor='pc'
htmldir='${docdir}'
ifdef gsettings_ENUM_NAMESPACE
includedir='${prefix}/include'
infodir='${datarootdir}/info'
install-data-am: install-gsettings-schemas
install-gsettings-schemas: $(gsettings_SCHEMAS) $(gsettings__enum_file)
install_sh='${SHELL} /home/prod/Downloads/plank-src/build-aux/install-sh'
intltool__v_merge_options_0='-q'
intltool__v_merge_options_='$(intltool__v_merge_options_$(AM_DEFAULT_VERBOSITY))'
libdir='${exec_prefix}/lib'
libexecdir='${exec_prefix}/libexec'
localedir='${datarootdir}/locale'
localstatedir='${prefix}/var'
mandir='${datarootdir}/man'
mkdir_p='$(MKDIR_P)'
mostlyclean-am: clean-gsettings-schemas
oldincludedir='/usr/include'
pdfdir='${docdir}'
prefix='/usr/local'
program_transform_name='s,x,x,'
psdir='${docdir}'
runstatedir='${localstatedir}/run'
sbindir='${exec_prefix}/sbin'
sharedstatedir='${prefix}/com'
sysconfdir='${prefix}/etc'
target_alias=''
uninstall-am: uninstall-gsettings-schemas
uninstall-gsettings-schemas:

## ----------- ##
## confdefs.h. ##
## ----------- ##

/* confdefs.h */
#define PACKAGE_NAME "plank"
#define PACKAGE_TARNAME "plank"
#define PACKAGE_VERSION "0.11.4"
#define PACKAGE_STRING "plank 0.11.4"
#define PACKAGE_BUGREPORT "https://bugs.launchpad.net/plank"
#define PACKAGE_URL "https://launchpad.net/plank"
#define RELEASE_NAME "Stupidly simple."
#define VERSION_INFO "Release"
#define VERSION_MAJOR 0
#define VERSION_MINOR 11
#define VERSION_MICRO 4
#define VERSION_NANO 0
#define PACKAGE "plank"
#define VERSION "0.11.4"
#define STDC_HEADERS 1
#define HAVE_SYS_TYPES_H 1
#define HAVE_SYS_STAT_H 1
#define HAVE_STDLIB_H 1
#define HAVE_STRING_H 1
#define HAVE_MEMORY_H 1
#define HAVE_STRINGS_H 1
#define HAVE_INTTYPES_H 1
#define HAVE_STDINT_H 1
#define HAVE_UNISTD_H 1
#define HAVE_DLFCN_H 1
#define LT_OBJDIR ".libs/"
#define HAVE_SYS_PRCTL_H 1
#define GETTEXT_PACKAGE "plank"

configure: exit 0
